<?xml version="1.0" encoding="UTF-8"?>
<!-- Generated by org.testng.reporters.JUnitReportReporter -->
<testsuite hostname="DESKTOP-V1KIB6K" failures="0" tests="1" name="com.autodest.organizationTest.CreateOrgTest" time="28.654" errors="0" timestamp="19 Oct 2020 19:36:19 GMT" skipped="0">
  <testcase classname="com.autodest.organizationTest.CreateOrgTest" name="createOrgTest" time="28.654"/>
</testsuite> <!-- com.autodest.organizationTest.CreateOrgTest -->
