<?xml version="1.0" encoding="UTF-8"?>
<!-- Generated by org.testng.reporters.JUnitReportReporter -->
<testsuite skipped="0" hostname="Ty-Deepak-Tr" name="com.autodesk.contacttest.CreateContactTest" tests="1" failures="0" timestamp="15 Oct 2020 12:22:51 GMT" time="49.776" errors="0">
  <testcase name="createContactWithOrg" time="49.776" classname="com.autodesk.contacttest.CreateContactTest"/>
</testsuite> <!-- com.autodesk.contacttest.CreateContactTest -->
