<?xml version="1.0" encoding="UTF-8"?>
<!-- Generated by org.testng.reporters.JUnitReportReporter -->
<testsuite hostname="DESKTOP-V1KIB6K" failures="0" tests="2" name="com.autodesk.contacttest.CreateContactTest" time="116.727" errors="0" timestamp="19 Oct 2020 05:41:37 GMT" skipped="0">
  <testcase classname="com.autodesk.contacttest.CreateContactTest" name="createContactTest" time="57.981"/>
  <testcase classname="com.autodesk.contacttest.CreateContactTest" name="createContactWithOrg" time="58.746"/>
</testsuite> <!-- com.autodesk.contacttest.CreateContactTest -->
