<?xml version="1.0" encoding="UTF-8"?>
<!-- Generated by org.testng.reporters.JUnitReportReporter -->
<testsuite hostname="DESKTOP-V1KIB6K" failures="0" tests="1" name="com.autodesk.contacttest.CreateContactTest" time="32.398" errors="0" timestamp="19 Oct 2020 19:36:19 GMT" skipped="0">
  <testcase classname="com.autodesk.contacttest.CreateContactTest" name="createContactTest" time="32.398"/>
</testsuite> <!-- com.autodesk.contacttest.CreateContactTest -->
